Using pre-set license
Built from '2020.3/staging' branch; Version is '2020.3.13f1 (71691879b7f5) revision 7432472'; Using compiler version '192528614'; Build Type 'Release'
OS: 'Windows 10 Home; OS build 19041.1083; Version 2004; 64bit' Language: 'ko' Physical Memory: 32701 MB
BatchMode: 1, IsHumanControllingUs: 0, StartBugReporterOnCrash: 0, Is64bit: 1, IsPro: 0

 COMMAND LINE ARGUMENTS:
C:\Program Files\Unity\Hub\Editor\2020.3.13f1\Editor\Unity.exe
-adb2
-batchMode
-noUpm
-name
AssetImportWorker0
-projectPath
C:/Users/User/Documents/GitHub/Unity_Retro/Zombie
-logFile
Logs/AssetImportWorker0.log
-srvPort
49167
Successfully changed project path to: C:/Users/User/Documents/GitHub/Unity_Retro/Zombie
C:/Users/User/Documents/GitHub/Unity_Retro/Zombie
Using Asset Import Pipeline V2.
Refreshing native plugins compatible for Editor in 44.28 ms, found 2 plugins.
Preloading 0 native plugins for Editor in 0.00 ms.
Initialize engine version: 2020.3.13f1 (71691879b7f5)
[Subsystems] Discovering subsystems at path C:/Program Files/Unity/Hub/Editor/2020.3.13f1/Editor/Data/Resources/UnitySubsystems
[Subsystems] Discovering subsystems at path C:/Users/User/Documents/GitHub/Unity_Retro/Zombie/Assets
GfxDevice: creating device client; threaded=0
Direct3D:
    Version:  Direct3D 11.0 [level 11.1]
    Renderer: NVIDIA GeForce RTX 2070 SUPER (ID=0x1e84)
    Vendor:   
    VRAM:     8011 MB
    Driver:   27.21.14.5671
Initialize mono
Mono path[0] = 'C:/Program Files/Unity/Hub/Editor/2020.3.13f1/Editor/Data/Managed'
Mono path[1] = 'C:/Program Files/Unity/Hub/Editor/2020.3.13f1/Editor/Data/MonoBleedingEdge/lib/mono/unityjit'
Mono config path = 'C:/Program Files/Unity/Hub/Editor/2020.3.13f1/Editor/Data/MonoBleedingEdge/etc'
Using monoOptions --debugger-agent=transport=dt_socket,embedding=1,server=y,suspend=n,address=127.0.0.1:56452
Begin MonoManager ReloadAssembly
Registering precompiled unity dll's ...
Register platform support module: C:/Program Files/Unity/Hub/Editor/2020.3.13f1/Editor/Data/PlaybackEngines/WebGLSupport/UnityEditor.WebGL.Extensions.dll
Register platform support module: C:/Program Files/Unity/Hub/Editor/2020.3.13f1/Editor/Data/PlaybackEngines/WindowsStandaloneSupport/UnityEditor.WindowsStandalone.Extensions.dll
Registered in 0.001640 seconds.
Native extension for WindowsStandalone target not found
Native extension for WebGL target not found
Refreshing native plugins compatible for Editor in 37.14 ms, found 2 plugins.
Preloading 0 native plugins for Editor in 0.00 ms.
Mono: successfully reloaded assembly
- Completed reload, in  0.811 seconds
Platform modules already initialized, skipping
Registering precompiled user dll's ...
Registered in 0.003692 seconds.
Begin MonoManager ReloadAssembly
Native extension for WindowsStandalone target not found
Native extension for WebGL target not found
Refreshing native plugins compatible for Editor in 0.56 ms, found 2 plugins.
Preloading 0 native plugins for Editor in 0.00 ms.
Mono: successfully reloaded assembly
- Completed reload, in  0.820 seconds
Platform modules already initialized, skipping
========================================================================
Worker process is ready to serve import requests
Launched and connected shader compiler UnityShaderCompiler.exe after 0.03 seconds
Refreshing native plugins compatible for Editor in 0.55 ms, found 2 plugins.
Preloading 0 native plugins for Editor in 0.00 ms.
Unloading 2202 Unused Serialized files (Serialized files now loaded: 0)
System memory in use before: 93.1 MB.
System memory in use after: 93.2 MB.

Unloading 59 unused Assets to reduce memory usage. Loaded Objects now: 2607.
Total: 4.714700 ms (FindLiveObjects: 0.144800 ms CreateObjectMapping: 0.060500 ms MarkObjects: 4.413400 ms  DeleteObjects: 0.095300 ms)

AssetImportParameters requested are different than current active one (requested -> active):
  custom:framework-win-MediaFoundation: 216162199b28c13a410421893ffa2e32 -> 
  custom:video-decoder-ogg-theora: a1e56fd34408186e4bbccfd4996cb3dc -> 
  custom:container-muxer-webm: aa71ff27fc2769a1b78a27578f13a17b -> 
  custom:container-demuxer-webm: 4f35f7cbe854078d1ac9338744f61a02 -> 
  custom:container-demuxer-ogg: 62fdf1f143b41e24485cea50d1cbac27 -> 
  custom:video-encoder-webm-vp8: eb34c28f22e8b96e1ab97ce403110664 -> 
  custom:video-decoder-webm-vp8: 9c59270c3fd7afecdb556c50c9e8de78 -> 
  custom:audio-decoder-ogg-vorbis: bf7c407c2cedff20999df2af8eb42d56 -> 
  custom:audio-encoder-webm-vorbis: bf7c407c2cedff20999df2af8eb42d56 -> 
========================================================================
Received Import Request.
  path: Packages/com.unity.cinemachine
  artifactKey: Guid(c19eb9a4b328654bd4ca551e1c34b76c) Importer(815301076,1909f56bfc062723c751e8b465ee728b)
Start importing Packages/com.unity.cinemachine using Guid(c19eb9a4b328654bd4ca551e1c34b76c) Importer(815301076,1909f56bfc062723c751e8b465ee728b)  -> (artifact id: '13595a645e76ec49928acaf6d7bb5972') in 0.007511 seconds 
  Import took 0.009925 seconds .

========================================================================
Received Import Request.
  Time since last request: 32.230110 seconds.
  path: Packages/com.unity.postprocessing
  artifactKey: Guid(ff33dd3b13e5d4fd46bda47b475045d2) Importer(815301076,1909f56bfc062723c751e8b465ee728b)
Start importing Packages/com.unity.postprocessing using Guid(ff33dd3b13e5d4fd46bda47b475045d2) Importer(815301076,1909f56bfc062723c751e8b465ee728b)  -> (artifact id: '974e4e3d3e6d814ff42e6dc861a9294e') in 0.005203 seconds 
  Import took 0.007956 seconds .

========================================================================
Received Import Request.
  Time since last request: 1.462722 seconds.
  path: Packages/com.unity.ide.rider
  artifactKey: Guid(ea5aa18a49e4f29d74984ea0ea11a238) Importer(815301076,1909f56bfc062723c751e8b465ee728b)
Start importing Packages/com.unity.ide.rider using Guid(ea5aa18a49e4f29d74984ea0ea11a238) Importer(815301076,1909f56bfc062723c751e8b465ee728b)  -> (artifact id: '38d02623396ab86594f3405d33b9714f') in 0.005161 seconds 
  Import took 0.007733 seconds .

========================================================================
Received Import Request.
  Time since last request: 0.744510 seconds.
  path: Packages/com.unity.ext.nunit
  artifactKey: Guid(25a477c2f24db8778a4179421a32cc21) Importer(815301076,1909f56bfc062723c751e8b465ee728b)
Start importing Packages/com.unity.ext.nunit using Guid(25a477c2f24db8778a4179421a32cc21) Importer(815301076,1909f56bfc062723c751e8b465ee728b)  -> (artifact id: 'de8b3f671dc9f0a57b867a67d4aae8de') in 0.005125 seconds 
  Import took 0.008033 seconds .

========================================================================
Received Import Request.
  Time since last request: 72.269272 seconds.
  path: Assets
  artifactKey: Guid(00000000000000001000000000000000) Importer(815301076,1909f56bfc062723c751e8b465ee728b)
Start importing Assets using Guid(00000000000000001000000000000000) Importer(815301076,1909f56bfc062723c751e8b465ee728b)  -> (artifact id: '42d402b061de3733987d63b9cc3b64de') in 0.005047 seconds 
  Import took 0.007857 seconds .

========================================================================
Received Import Request.
  Time since last request: 0.000409 seconds.
  path: Assets
  artifactKey: Guid(00000000000000001000000000000000) Importer(815301076,1909f56bfc062723c751e8b465ee728b)
Start importing Assets using Guid(00000000000000001000000000000000) Importer(815301076,1909f56bfc062723c751e8b465ee728b)  -> (artifact id: '42d402b061de3733987d63b9cc3b64de') in 0.001499 seconds 
  Import took 0.004162 seconds .

========================================================================
Received Import Request.
  Time since last request: 5.408421 seconds.
  path: Assets/Scenes
  artifactKey: Guid(8d2f2954185421d45bae16dfc0708fab) Importer(815301076,1909f56bfc062723c751e8b465ee728b)
Start importing Assets/Scenes using Guid(8d2f2954185421d45bae16dfc0708fab) Importer(815301076,1909f56bfc062723c751e8b465ee728b)  -> (artifact id: 'd714050d7a928622ae92573fc3a021c2') in 0.005104 seconds 
  Import took 0.007652 seconds .

========================================================================
Received Import Request.
  Time since last request: 37.027143 seconds.
  path: Assets/Prefabs/Level Art.prefab
  artifactKey: Guid(49b04053ea2dc49ae8eae12418134ef1) Importer(815301076,1909f56bfc062723c751e8b465ee728b)
Start importing Assets/Prefabs/Level Art.prefab using Guid(49b04053ea2dc49ae8eae12418134ef1) Importer(815301076,1909f56bfc062723c751e8b465ee728b)  -> (artifact id: '1fe913d370443d593114385b0d7700b7') in 1.914212 seconds 
  Import took 1.918408 seconds .

========================================================================
Received Import Request.
  Time since last request: 174.561939 seconds.
  path: Assets/Materials/SmokeLightParticle.mat
  artifactKey: Guid(f06455b167e1b0b428c9af62d7aa6832) Importer(815301076,1909f56bfc062723c751e8b465ee728b)
Start importing Assets/Materials/SmokeLightParticle.mat using Guid(f06455b167e1b0b428c9af62d7aa6832) Importer(815301076,1909f56bfc062723c751e8b465ee728b)  -> (artifact id: 'db5da8594b4f7bd87156f977f2b775a9') in 0.038401 seconds 
  Import took 0.042041 seconds .

========================================================================
Received Import Request.
  Time since last request: 5.156883 seconds.
  path: Assets/Materials/EmbersParticle.mat
  artifactKey: Guid(776677ab3818fb249adaca05f4e04545) Importer(815301076,1909f56bfc062723c751e8b465ee728b)
Start importing Assets/Materials/EmbersParticle.mat using Guid(776677ab3818fb249adaca05f4e04545) Importer(815301076,1909f56bfc062723c751e8b465ee728b)  -> (artifact id: 'dfc97eeba98871ce3c75066a50cba2b7') in 0.010888 seconds 
  Import took 0.013798 seconds .

========================================================================
Received Import Request.
  Time since last request: 0.004272 seconds.
  path: Assets/Materials/EmbersParticle.mat
  artifactKey: Guid(776677ab3818fb249adaca05f4e04545) Importer(815301076,1909f56bfc062723c751e8b465ee728b)
Start importing Assets/Materials/EmbersParticle.mat using Guid(776677ab3818fb249adaca05f4e04545) Importer(815301076,1909f56bfc062723c751e8b465ee728b)  -> (artifact id: 'dfc97eeba98871ce3c75066a50cba2b7') in 0.007815 seconds 
  Import took 0.011054 seconds .

========================================================================
Received Import Request.
  Time since last request: 1.564906 seconds.
  path: Assets/Materials/FlameRoundYellowParticle.mat
  artifactKey: Guid(d7f098ed9997e714193be5e86df013f4) Importer(815301076,1909f56bfc062723c751e8b465ee728b)
Start importing Assets/Materials/FlameRoundYellowParticle.mat using Guid(d7f098ed9997e714193be5e86df013f4) Importer(815301076,1909f56bfc062723c751e8b465ee728b)  -> (artifact id: '5c7994efdfc7bd5808accda5352b897d') in 0.010081 seconds 
  Import took 0.012854 seconds .

========================================================================
Received Import Request.
  Time since last request: 0.004427 seconds.
  path: Assets/Materials/FlameRoundYellowParticle.mat
  artifactKey: Guid(d7f098ed9997e714193be5e86df013f4) Importer(815301076,1909f56bfc062723c751e8b465ee728b)
Start importing Assets/Materials/FlameRoundYellowParticle.mat using Guid(d7f098ed9997e714193be5e86df013f4) Importer(815301076,1909f56bfc062723c751e8b465ee728b)  -> (artifact id: '5c7994efdfc7bd5808accda5352b897d') in 0.009784 seconds 
  Import took 0.012580 seconds .

========================================================================
Received Import Request.
  Time since last request: 253.828846 seconds.
  path: Assets/Prefabs/ParticlesLight.prefab
  artifactKey: Guid(fa35d75604d172d48b7a6b62a07c7dbf) Importer(815301076,1909f56bfc062723c751e8b465ee728b)
Start importing Assets/Prefabs/ParticlesLight.prefab using Guid(fa35d75604d172d48b7a6b62a07c7dbf) Importer(815301076,1909f56bfc062723c751e8b465ee728b)  -> (artifact id: '2775595048536acb027a0427dcd4a619') in 0.006070 seconds 
  Import took 0.009011 seconds .

========================================================================
Received Import Request.
  Time since last request: 1.314509 seconds.
  path: Assets/Prefabs/MuzzleFlashEffect.prefab
  artifactKey: Guid(74d744994bc414c37bfda957f1d57118) Importer(815301076,1909f56bfc062723c751e8b465ee728b)
Start importing Assets/Prefabs/MuzzleFlashEffect.prefab using Guid(74d744994bc414c37bfda957f1d57118) Importer(815301076,1909f56bfc062723c751e8b465ee728b)  -> (artifact id: '1d6b7e078f6d787085abaa539b4e5930') in 0.006115 seconds 
  Import took 0.008924 seconds .

========================================================================
Received Import Request.
  Time since last request: 0.002369 seconds.
  path: Assets/Materials/MuzzleFlashParticle.mat
  artifactKey: Guid(527027c8baf2f0540be3104a3ec38a99) Importer(815301076,1909f56bfc062723c751e8b465ee728b)
Start importing Assets/Materials/MuzzleFlashParticle.mat using Guid(527027c8baf2f0540be3104a3ec38a99) Importer(815301076,1909f56bfc062723c751e8b465ee728b)  -> (artifact id: 'f76a187bbf29ecc5ca15e6bd164e72b6') in 0.019184 seconds 
  Import took 0.022125 seconds .

========================================================================
Received Import Request.
  Time since last request: 3.214392 seconds.
  path: Assets/Prefabs/HUD Canvas.prefab
  artifactKey: Guid(63226789a2ac34fec8493b064c47bd44) Importer(815301076,1909f56bfc062723c751e8b465ee728b)
Start importing Assets/Prefabs/HUD Canvas.prefab using Guid(63226789a2ac34fec8493b064c47bd44) Importer(815301076,1909f56bfc062723c751e8b465ee728b)  -> (artifact id: '6eae11d5cab4dcab3ec55866ea194346') in 0.018147 seconds 
  Import took 0.020991 seconds .

========================================================================
Received Import Request.
  Time since last request: 0.004156 seconds.
  path: Assets/Prefabs/HUD Canvas.prefab
  artifactKey: Guid(63226789a2ac34fec8493b064c47bd44) Importer(815301076,1909f56bfc062723c751e8b465ee728b)
Start importing Assets/Prefabs/HUD Canvas.prefab using Guid(63226789a2ac34fec8493b064c47bd44) Importer(815301076,1909f56bfc062723c751e8b465ee728b)  -> (artifact id: '6eae11d5cab4dcab3ec55866ea194346') in 0.003607 seconds 
  Import took 0.006347 seconds .

========================================================================
Received Import Request.
  Time since last request: 0.629540 seconds.
  path: Assets/Prefabs/HealthPack.prefab
  artifactKey: Guid(b4e7df10a580e4a1a88a79995b741816) Importer(815301076,1909f56bfc062723c751e8b465ee728b)
Start importing Assets/Prefabs/HealthPack.prefab using Guid(b4e7df10a580e4a1a88a79995b741816) Importer(815301076,1909f56bfc062723c751e8b465ee728b)  -> (artifact id: 'c3a0d05da5570afe93b5570c6ff4536a') in 0.074764 seconds 
  Import took 0.077544 seconds .

========================================================================
Received Import Request.
  Time since last request: 2.560153 seconds.
  path: Assets/Prefabs/Gun.prefab
  artifactKey: Guid(13259943c4d634186ac994d570bb3253) Importer(815301076,1909f56bfc062723c751e8b465ee728b)
Start importing Assets/Prefabs/Gun.prefab using Guid(13259943c4d634186ac994d570bb3253) Importer(815301076,1909f56bfc062723c751e8b465ee728b)  -> (artifact id: '9f446eaaabf910ae04ae482d4649a5b3') in 0.020611 seconds 
  Import took 0.023657 seconds .

========================================================================
Received Import Request.
  Time since last request: 0.977962 seconds.
  path: Assets/Prefabs/Coin.prefab
  artifactKey: Guid(4229c84aca58549a586e9bb7aaae97c4) Importer(815301076,1909f56bfc062723c751e8b465ee728b)
Start importing Assets/Prefabs/Coin.prefab using Guid(4229c84aca58549a586e9bb7aaae97c4) Importer(815301076,1909f56bfc062723c751e8b465ee728b)  -> (artifact id: '4102235143128e11ad2792400a77436b') in 0.020480 seconds 
  Import took 0.023352 seconds .

========================================================================
Received Import Request.
  Time since last request: 0.000548 seconds.
  path: Assets/Prefabs/Coin.prefab
  artifactKey: Guid(4229c84aca58549a586e9bb7aaae97c4) Importer(815301076,1909f56bfc062723c751e8b465ee728b)
Start importing Assets/Prefabs/Coin.prefab using Guid(4229c84aca58549a586e9bb7aaae97c4) Importer(815301076,1909f56bfc062723c751e8b465ee728b)  -> (artifact id: '4102235143128e11ad2792400a77436b') in 0.006078 seconds 
  Import took 0.008859 seconds .

========================================================================
Received Import Request.
  Time since last request: 1.150079 seconds.
  path: Assets/Prefabs/BloodSprayEffect.prefab
  artifactKey: Guid(da33d2f1d5c4b41689d8063e19e3a7dc) Importer(815301076,1909f56bfc062723c751e8b465ee728b)
Start importing Assets/Prefabs/BloodSprayEffect.prefab using Guid(da33d2f1d5c4b41689d8063e19e3a7dc) Importer(815301076,1909f56bfc062723c751e8b465ee728b)  -> (artifact id: '91465442586cda60ae5e8de159295dfd') in 0.006556 seconds 
  Import took 0.009534 seconds .

========================================================================
Received Import Request.
  Time since last request: 1.647307 seconds.
  path: Assets/Prefabs/AmmoPack.prefab
  artifactKey: Guid(c90bf41c504e541b98989b07b736097c) Importer(815301076,1909f56bfc062723c751e8b465ee728b)
Start importing Assets/Prefabs/AmmoPack.prefab using Guid(c90bf41c504e541b98989b07b736097c) Importer(815301076,1909f56bfc062723c751e8b465ee728b)  -> (artifact id: '59b4b60be904868158422731f3e37856') in 0.009923 seconds 
  Import took 0.012816 seconds .

========================================================================
Received Import Request.
  Time since last request: 2.337090 seconds.
  path: Assets/Prefabs/Spawn Points.prefab
  artifactKey: Guid(5314e1f0757cf4cf79d58731d117e6cd) Importer(815301076,1909f56bfc062723c751e8b465ee728b)
Start importing Assets/Prefabs/Spawn Points.prefab using Guid(5314e1f0757cf4cf79d58731d117e6cd) Importer(815301076,1909f56bfc062723c751e8b465ee728b)  -> (artifact id: '19810a64e7feb7c4ef9430b3455f7cb4') in 0.006541 seconds 
  Import took 0.009683 seconds .

========================================================================
Received Import Request.
  Time since last request: 501.345116 seconds.
  path: Assets/New Lighting Settings.lighting
  artifactKey: Guid(925025b54d2046f499f7d26493b30336) Importer(815301076,1909f56bfc062723c751e8b465ee728b)
Start importing Assets/New Lighting Settings.lighting using Guid(925025b54d2046f499f7d26493b30336) Importer(815301076,1909f56bfc062723c751e8b465ee728b)  -> (artifact id: '090f6925a0a2db147c3591e7566b3fba') in 0.007731 seconds 
  Import took 0.010481 seconds .

========================================================================
Received Import Request.
  Time since last request: 134.993628 seconds.
  path: Assets/Models/Woman.fbx
  artifactKey: Guid(98cdee121d6e440de9fb99a7c24fa0da) Importer(815301076,1909f56bfc062723c751e8b465ee728b)
Start importing Assets/Models/Woman.fbx using Guid(98cdee121d6e440de9fb99a7c24fa0da) Importer(815301076,1909f56bfc062723c751e8b465ee728b)  -> (artifact id: '79bd52abbd1889bcd964cbc0fb09d125') in 0.058750 seconds 
  Import took 0.061789 seconds .

========================================================================
Received Import Request.
  Time since last request: 298.803236 seconds.
  path: Assets/Animations/ShooterAninmator.controller
  artifactKey: Guid(dc7f0d1308d0bd1499a8fee0eea23f08) Importer(815301076,1909f56bfc062723c751e8b465ee728b)
Start importing Assets/Animations/ShooterAninmator.controller using Guid(dc7f0d1308d0bd1499a8fee0eea23f08) Importer(815301076,1909f56bfc062723c751e8b465ee728b)  -> (artifact id: 'fb1ea3077353dfa4f136f29ba754373d') in 0.095771 seconds 
  Import took 0.099287 seconds .

========================================================================
Received Import Request.
  Time since last request: 117.121384 seconds.
  path: Assets/Animations/Human Death.anim
  artifactKey: Guid(85e9d7cbab6dbe74eb1b9b4ff8bf34d8) Importer(815301076,1909f56bfc062723c751e8b465ee728b)
Start importing Assets/Animations/Human Death.anim using Guid(85e9d7cbab6dbe74eb1b9b4ff8bf34d8) Importer(815301076,1909f56bfc062723c751e8b465ee728b)  -> (artifact id: '552c9b8d69afdc748882853f975237a5') in 0.029829 seconds 
  Import took 0.032498 seconds .

========================================================================
Received Import Request.
  Time since last request: 63.262400 seconds.
  path: Assets/Animations/Humanoid Run.anim
  artifactKey: Guid(5e4ae6245765bc043bb0769f060ac73c) Importer(815301076,1909f56bfc062723c751e8b465ee728b)
Start importing Assets/Animations/Humanoid Run.anim using Guid(5e4ae6245765bc043bb0769f060ac73c) Importer(815301076,1909f56bfc062723c751e8b465ee728b)  -> (artifact id: '182950a199e09b03002a2bc91cbe6e2c') in 0.013914 seconds 
  Import took 0.017011 seconds .

========================================================================
Received Import Request.
  Time since last request: 0.703850 seconds.
  path: Assets/Animations/Humanoid Walk.anim
  artifactKey: Guid(763c5abd9f23ce041a8b9a784d6f035d) Importer(815301076,1909f56bfc062723c751e8b465ee728b)
Start importing Assets/Animations/Humanoid Walk.anim using Guid(763c5abd9f23ce041a8b9a784d6f035d) Importer(815301076,1909f56bfc062723c751e8b465ee728b)  -> (artifact id: '641f5b8c153801cb0150fe96236496e4') in 0.028196 seconds 
  Import took 0.030904 seconds .

========================================================================
Received Import Request.
  Time since last request: 45.178240 seconds.
  path: Assets/Animations/Humanoid Idle.anim
  artifactKey: Guid(357382166fc6bfb41b6c0367cd4df8a1) Importer(815301076,1909f56bfc062723c751e8b465ee728b)
Start importing Assets/Animations/Humanoid Idle.anim using Guid(357382166fc6bfb41b6c0367cd4df8a1) Importer(815301076,1909f56bfc062723c751e8b465ee728b)  -> (artifact id: '49b88f24918b98f02ab0e739a98bbad2') in 0.011135 seconds 
  Import took 0.014061 seconds .

========================================================================
Received Import Request.
  Time since last request: 345.034429 seconds.
  path: Assets/Animations/Upper Body Mask.mask
  artifactKey: Guid(a0bb31f6cca2c444dabf132a8b2b5f93) Importer(815301076,1909f56bfc062723c751e8b465ee728b)
Start importing Assets/Animations/Upper Body Mask.mask using Guid(a0bb31f6cca2c444dabf132a8b2b5f93) Importer(815301076,1909f56bfc062723c751e8b465ee728b)  -> (artifact id: '3cd8692665c2814c1556eb872f9cf29c') in 0.006729 seconds 
  Import took 0.009405 seconds .

========================================================================
Received Import Request.
  Time since last request: 0.000673 seconds.
  path: Assets/Animations/Upper Body Mask.mask
  artifactKey: Guid(a0bb31f6cca2c444dabf132a8b2b5f93) Importer(815301076,1909f56bfc062723c751e8b465ee728b)
Start importing Assets/Animations/Upper Body Mask.mask using Guid(a0bb31f6cca2c444dabf132a8b2b5f93) Importer(815301076,1909f56bfc062723c751e8b465ee728b)  -> (artifact id: '3cd8692665c2814c1556eb872f9cf29c') in 0.001719 seconds 
  Import took 0.004263 seconds .

========================================================================
Received Import Request.
  Time since last request: 161.320399 seconds.
  path: Assets/Scripts
  artifactKey: Guid(e7797578febd9074ea996c7a30755be2) Importer(815301076,1909f56bfc062723c751e8b465ee728b)
Start importing Assets/Scripts using Guid(e7797578febd9074ea996c7a30755be2) Importer(815301076,1909f56bfc062723c751e8b465ee728b)  -> (artifact id: '5b4fbf59dead3b2207ef6cd9f9584095') in 0.005314 seconds 
  Import took 0.008530 seconds .

========================================================================
Received Import Request.
  Time since last request: 16.843162 seconds.
  path: Assets/Scripts/PlayerInput.cs
  artifactKey: Guid(c9237a6135a68a748bac9cbbfad81237) Importer(815301076,1909f56bfc062723c751e8b465ee728b)
Start importing Assets/Scripts/PlayerInput.cs using Guid(c9237a6135a68a748bac9cbbfad81237) Importer(815301076,1909f56bfc062723c751e8b465ee728b)  -> (artifact id: '3f9e33de4f9697b0f53a6c7e2e47f14a') in 0.008171 seconds 
  Import took 0.010872 seconds .

========================================================================
Received Import Request.
  Time since last request: 0.016661 seconds.
  path: Assets/Scripts/PlayerInput.cs
  artifactKey: Guid(c9237a6135a68a748bac9cbbfad81237) Importer(815301076,1909f56bfc062723c751e8b465ee728b)
Start importing Assets/Scripts/PlayerInput.cs using Guid(c9237a6135a68a748bac9cbbfad81237) Importer(815301076,1909f56bfc062723c751e8b465ee728b)  -> (artifact id: '3f9e33de4f9697b0f53a6c7e2e47f14a') in 0.002820 seconds 
  Import took 0.005626 seconds .

========================================================================
Received Import Request.
  Time since last request: 1.882523 seconds.
  path: Assets/Scripts/PlayerMovement.cs
  artifactKey: Guid(8dab01b205e8fcf4b8d25afd9cbfd4e0) Importer(815301076,1909f56bfc062723c751e8b465ee728b)
Start importing Assets/Scripts/PlayerMovement.cs using Guid(8dab01b205e8fcf4b8d25afd9cbfd4e0) Importer(815301076,1909f56bfc062723c751e8b465ee728b)  -> (artifact id: 'a9dfe58bbfd701774e71312ed188f59a') in 0.005161 seconds 
  Import took 0.007865 seconds .

========================================================================
Received Import Request.
  Time since last request: 3758.197730 seconds.
  path: Assets/Scripts/GameManager.cs
  artifactKey: Guid(e090a9750849f49c282494b652e54999) Importer(815301076,1909f56bfc062723c751e8b465ee728b)
Start importing Assets/Scripts/GameManager.cs using Guid(e090a9750849f49c282494b652e54999) Importer(815301076,1909f56bfc062723c751e8b465ee728b)  -> (artifact id: 'dcd73d4256a2e39486badd80e563499a') in 0.005001 seconds 
  Import took 0.008089 seconds .

========================================================================
Received Import Request.
  Time since last request: 0.498001 seconds.
  path: Assets/Scripts/ItemSpawner.cs
  artifactKey: Guid(6ee0596fa41f143638acc3a9bf74dfa0) Importer(815301076,1909f56bfc062723c751e8b465ee728b)
Start importing Assets/Scripts/ItemSpawner.cs using Guid(6ee0596fa41f143638acc3a9bf74dfa0) Importer(815301076,1909f56bfc062723c751e8b465ee728b)  -> (artifact id: '4d52f46b26d71d22d189fb59ba7cc209') in 0.004991 seconds 
  Import took 0.007769 seconds .

========================================================================
Received Prepare
Registering precompiled user dll's ...
Registered in 0.003396 seconds.
Begin MonoManager ReloadAssembly
Native extension for WindowsStandalone target not found
Native extension for WebGL target not found
Refreshing native plugins compatible for Editor in 0.58 ms, found 2 plugins.
Preloading 0 native plugins for Editor in 0.00 ms.
Mono: successfully reloaded assembly
- Completed reload, in  0.798 seconds
Platform modules already initialized, skipping
Refreshing native plugins compatible for Editor in 0.60 ms, found 2 plugins.
Preloading 0 native plugins for Editor in 0.00 ms.
Unloading 2167 Unused Serialized files (Serialized files now loaded: 0)
System memory in use before: 165.6 MB.
System memory in use after: 165.7 MB.

Unloading 52 unused Assets to reduce memory usage. Loaded Objects now: 2658.
Total: 4.803900 ms (FindLiveObjects: 0.160000 ms CreateObjectMapping: 0.060600 ms MarkObjects: 4.473700 ms  DeleteObjects: 0.108700 ms)

AssetImportParameters requested are different than current active one (requested -> active):
  custom:framework-win-MediaFoundation: 216162199b28c13a410421893ffa2e32 -> 
  custom:video-decoder-ogg-theora: a1e56fd34408186e4bbccfd4996cb3dc -> 
  custom:container-muxer-webm: aa71ff27fc2769a1b78a27578f13a17b -> 
  custom:container-demuxer-webm: 4f35f7cbe854078d1ac9338744f61a02 -> 
  custom:container-demuxer-ogg: 62fdf1f143b41e24485cea50d1cbac27 -> 
  custom:video-encoder-webm-vp8: eb34c28f22e8b96e1ab97ce403110664 -> 
  custom:video-decoder-webm-vp8: 9c59270c3fd7afecdb556c50c9e8de78 -> 
  custom:audio-decoder-ogg-vorbis: bf7c407c2cedff20999df2af8eb42d56 -> 
  custom:audio-encoder-webm-vorbis: bf7c407c2cedff20999df2af8eb42d56 -> 
========================================================================
Received Import Request.
  Time since last request: 1063.851118 seconds.
  path: Assets/Scripts/LivingEntity.cs
  artifactKey: Guid(1145b34b7c34d404a9801573390b4102) Importer(815301076,1909f56bfc062723c751e8b465ee728b)
Start importing Assets/Scripts/LivingEntity.cs using Guid(1145b34b7c34d404a9801573390b4102) Importer(815301076,1909f56bfc062723c751e8b465ee728b)  -> (artifact id: 'dba50cd8a5cb543244a30785f6063967') in 0.007408 seconds 
  Import took 0.010158 seconds .

========================================================================
Received Import Request.
  Time since last request: 0.004851 seconds.
  path: Assets/Scripts/LivingEntity.cs
  artifactKey: Guid(1145b34b7c34d404a9801573390b4102) Importer(815301076,1909f56bfc062723c751e8b465ee728b)
Start importing Assets/Scripts/LivingEntity.cs using Guid(1145b34b7c34d404a9801573390b4102) Importer(815301076,1909f56bfc062723c751e8b465ee728b)  -> (artifact id: 'dba50cd8a5cb543244a30785f6063967') in 0.002317 seconds 
  Import took 0.004869 seconds .

========================================================================
Received Import Request.
  Time since last request: 0.605382 seconds.
  path: Assets/Scripts/Enemy.cs
  artifactKey: Guid(c1335f80b57e1564281355161c54162b) Importer(815301076,1909f56bfc062723c751e8b465ee728b)
Start importing Assets/Scripts/Enemy.cs using Guid(c1335f80b57e1564281355161c54162b) Importer(815301076,1909f56bfc062723c751e8b465ee728b)  -> (artifact id: 'ea0554b34b6287e3f5377d4798346cd1') in 0.004917 seconds 
  Import took 0.007594 seconds .

========================================================================
Received Import Request.
  Time since last request: 0.518435 seconds.
  path: Assets/Models
  artifactKey: Guid(615747f419fb549d4b3d7f79f8305ae6) Importer(815301076,1909f56bfc062723c751e8b465ee728b)
Start importing Assets/Models using Guid(615747f419fb549d4b3d7f79f8305ae6) Importer(815301076,1909f56bfc062723c751e8b465ee728b)  -> (artifact id: '2ac1fd13b225e7a1ce3e01d84ccb799d') in 0.005115 seconds 
  Import took 0.007986 seconds .

========================================================================
Received Prepare
Registering precompiled user dll's ...
Registered in 0.003584 seconds.
Begin MonoManager ReloadAssembly
Native extension for WindowsStandalone target not found
Native extension for WebGL target not found
Refreshing native plugins compatible for Editor in 0.58 ms, found 2 plugins.
Preloading 0 native plugins for Editor in 0.00 ms.
Mono: successfully reloaded assembly
- Completed reload, in  0.784 seconds
Platform modules already initialized, skipping
Refreshing native plugins compatible for Editor in 0.58 ms, found 2 plugins.
Preloading 0 native plugins for Editor in 0.00 ms.
Unloading 2167 Unused Serialized files (Serialized files now loaded: 0)
System memory in use before: 165.6 MB.
System memory in use after: 165.7 MB.

Unloading 50 unused Assets to reduce memory usage. Loaded Objects now: 2661.
Total: 4.645200 ms (FindLiveObjects: 0.147800 ms CreateObjectMapping: 0.060400 ms MarkObjects: 4.418200 ms  DeleteObjects: 0.018000 ms)

AssetImportParameters requested are different than current active one (requested -> active):
  custom:framework-win-MediaFoundation: 216162199b28c13a410421893ffa2e32 -> 
  custom:video-decoder-ogg-theora: a1e56fd34408186e4bbccfd4996cb3dc -> 
  custom:container-muxer-webm: aa71ff27fc2769a1b78a27578f13a17b -> 
  custom:container-demuxer-webm: 4f35f7cbe854078d1ac9338744f61a02 -> 
  custom:container-demuxer-ogg: 62fdf1f143b41e24485cea50d1cbac27 -> 
  custom:video-encoder-webm-vp8: eb34c28f22e8b96e1ab97ce403110664 -> 
  custom:video-decoder-webm-vp8: 9c59270c3fd7afecdb556c50c9e8de78 -> 
  custom:audio-decoder-ogg-vorbis: bf7c407c2cedff20999df2af8eb42d56 -> 
  custom:audio-encoder-webm-vorbis: bf7c407c2cedff20999df2af8eb42d56 -> 
========================================================================
Received Prepare
Registering precompiled user dll's ...
Registered in 0.003478 seconds.
Begin MonoManager ReloadAssembly
Native extension for WindowsStandalone target not found
Native extension for WebGL target not found
Refreshing native plugins compatible for Editor in 0.58 ms, found 2 plugins.
Preloading 0 native plugins for Editor in 0.00 ms.
Mono: successfully reloaded assembly
- Completed reload, in  0.799 seconds
Platform modules already initialized, skipping
Refreshing native plugins compatible for Editor in 0.58 ms, found 2 plugins.
Preloading 0 native plugins for Editor in 0.00 ms.
Unloading 2167 Unused Serialized files (Serialized files now loaded: 0)
System memory in use before: 165.6 MB.
System memory in use after: 165.8 MB.

Unloading 50 unused Assets to reduce memory usage. Loaded Objects now: 2664.
Total: 4.633500 ms (FindLiveObjects: 0.151300 ms CreateObjectMapping: 0.061000 ms MarkObjects: 4.402600 ms  DeleteObjects: 0.018100 ms)

AssetImportParameters requested are different than current active one (requested -> active):
  custom:framework-win-MediaFoundation: 216162199b28c13a410421893ffa2e32 -> 
  custom:video-decoder-ogg-theora: a1e56fd34408186e4bbccfd4996cb3dc -> 
  custom:container-muxer-webm: aa71ff27fc2769a1b78a27578f13a17b -> 
  custom:container-demuxer-webm: 4f35f7cbe854078d1ac9338744f61a02 -> 
  custom:container-demuxer-ogg: 62fdf1f143b41e24485cea50d1cbac27 -> 
  custom:video-encoder-webm-vp8: eb34c28f22e8b96e1ab97ce403110664 -> 
  custom:video-decoder-webm-vp8: 9c59270c3fd7afecdb556c50c9e8de78 -> 
  custom:audio-decoder-ogg-vorbis: bf7c407c2cedff20999df2af8eb42d56 -> 
  custom:audio-encoder-webm-vorbis: bf7c407c2cedff20999df2af8eb42d56 -> 
========================================================================
Received Prepare
Registering precompiled user dll's ...
Registered in 0.003822 seconds.
Begin MonoManager ReloadAssembly
Native extension for WindowsStandalone target not found
Native extension for WebGL target not found
Refreshing native plugins compatible for Editor in 0.58 ms, found 2 plugins.
Preloading 0 native plugins for Editor in 0.00 ms.
Mono: successfully reloaded assembly
- Completed reload, in  0.766 seconds
Platform modules already initialized, skipping
Refreshing native plugins compatible for Editor in 0.58 ms, found 2 plugins.
Preloading 0 native plugins for Editor in 0.00 ms.
Unloading 2167 Unused Serialized files (Serialized files now loaded: 0)
System memory in use before: 165.7 MB.
System memory in use after: 165.8 MB.

Unloading 50 unused Assets to reduce memory usage. Loaded Objects now: 2667.
Total: 4.588200 ms (FindLiveObjects: 0.153200 ms CreateObjectMapping: 0.062000 ms MarkObjects: 4.351300 ms  DeleteObjects: 0.021000 ms)

AssetImportParameters requested are different than current active one (requested -> active):
  custom:framework-win-MediaFoundation: 216162199b28c13a410421893ffa2e32 -> 
  custom:video-decoder-ogg-theora: a1e56fd34408186e4bbccfd4996cb3dc -> 
  custom:container-muxer-webm: aa71ff27fc2769a1b78a27578f13a17b -> 
  custom:container-demuxer-webm: 4f35f7cbe854078d1ac9338744f61a02 -> 
  custom:container-demuxer-ogg: 62fdf1f143b41e24485cea50d1cbac27 -> 
  custom:video-encoder-webm-vp8: eb34c28f22e8b96e1ab97ce403110664 -> 
  custom:video-decoder-webm-vp8: 9c59270c3fd7afecdb556c50c9e8de78 -> 
  custom:audio-decoder-ogg-vorbis: bf7c407c2cedff20999df2af8eb42d56 -> 
  custom:audio-encoder-webm-vorbis: bf7c407c2cedff20999df2af8eb42d56 -> 
========================================================================
Received Import Request.
  Time since last request: 3745.655009 seconds.
  path: Assets/Scripts/IDamageable.cs
  artifactKey: Guid(b4ce6ac00eca45c45a0515374c3a2a02) Importer(815301076,1909f56bfc062723c751e8b465ee728b)
Start importing Assets/Scripts/IDamageable.cs using Guid(b4ce6ac00eca45c45a0515374c3a2a02) Importer(815301076,1909f56bfc062723c751e8b465ee728b)  -> (artifact id: '97623abf501249abd6edc082b2290a46') in 0.008173 seconds 
  Import took 0.011454 seconds .

========================================================================
Received Import Request.
  Time since last request: 516.360249 seconds.
  path: Assets/Textures/DustPuffSmallParticleSheet.png
  artifactKey: Guid(1c1f5fdffb8c5a944a978e8debb8fdfe) Importer(815301076,1909f56bfc062723c751e8b465ee728b)
Start importing Assets/Textures/DustPuffSmallParticleSheet.png using Guid(1c1f5fdffb8c5a944a978e8debb8fdfe) Importer(815301076,1909f56bfc062723c751e8b465ee728b)  -> (artifact id: 'e5d2f513127c6748814b4c1857272159') in 0.063524 seconds 
  Import took 0.066436 seconds .

========================================================================
Received Import Request.
  Time since last request: 0.000436 seconds.
  path: Assets/Textures/DustPuffSmallParticleSheet.png
  artifactKey: Guid(1c1f5fdffb8c5a944a978e8debb8fdfe) Importer(815301076,1909f56bfc062723c751e8b465ee728b)
Start importing Assets/Textures/DustPuffSmallParticleSheet.png using Guid(1c1f5fdffb8c5a944a978e8debb8fdfe) Importer(815301076,1909f56bfc062723c751e8b465ee728b)  -> (artifact id: 'e5d2f513127c6748814b4c1857272159') in 0.014275 seconds 
  Import took 0.016889 seconds .

========================================================================
Received Import Request.
  Time since last request: 10.290243 seconds.
  path: Assets/Textures/FlashParticle.tif
  artifactKey: Guid(c826d12aca5bdda4c900b00833f6d875) Importer(815301076,1909f56bfc062723c751e8b465ee728b)
Start importing Assets/Textures/FlashParticle.tif using Guid(c826d12aca5bdda4c900b00833f6d875) Importer(815301076,1909f56bfc062723c751e8b465ee728b)  -> (artifact id: '4559697291a1a52fde3ffc52ce12662c') in 0.013475 seconds 
  Import took 0.016313 seconds .

========================================================================
Received Import Request.
  Time since last request: 196.068427 seconds.
  path: Assets/Models/ShellCasing.FBX
  artifactKey: Guid(39af8eb310699cb4dac88a1ce9577c85) Importer(815301076,1909f56bfc062723c751e8b465ee728b)
Start importing Assets/Models/ShellCasing.FBX using Guid(39af8eb310699cb4dac88a1ce9577c85) Importer(815301076,1909f56bfc062723c751e8b465ee728b)  -> (artifact id: '1adfdc4d2b3c594d40207d3e20e92f4f') in 0.043316 seconds 
  Import took 0.046421 seconds .

========================================================================
Received Import Request.
  Time since last request: 0.008379 seconds.
  path: Assets/Models/ShellCasing.FBX
  artifactKey: Guid(39af8eb310699cb4dac88a1ce9577c85) Importer(815301076,1909f56bfc062723c751e8b465ee728b)
Start importing Assets/Models/ShellCasing.FBX using Guid(39af8eb310699cb4dac88a1ce9577c85) Importer(815301076,1909f56bfc062723c751e8b465ee728b)  -> (artifact id: '1adfdc4d2b3c594d40207d3e20e92f4f') in 0.011610 seconds 
  Import took 0.014604 seconds .

========================================================================
Received Import Request.
  Time since last request: 94.643588 seconds.
  path: Assets/Prefabs/ShellEjectEffect.prefab
  artifactKey: Guid(8e60b325a019543cbb2e3920522a2e6b) Importer(815301076,1909f56bfc062723c751e8b465ee728b)
Start importing Assets/Prefabs/ShellEjectEffect.prefab using Guid(8e60b325a019543cbb2e3920522a2e6b) Importer(815301076,1909f56bfc062723c751e8b465ee728b)  -> (artifact id: '24d5949b00aa9d6f8378dc7b62b96103') in 0.009118 seconds 
  Import took 0.012193 seconds .

========================================================================
Received Prepare
Registering precompiled user dll's ...
Registered in 0.003522 seconds.
Begin MonoManager ReloadAssembly
Native extension for WindowsStandalone target not found
Native extension for WebGL target not found
Refreshing native plugins compatible for Editor in 0.65 ms, found 2 plugins.
Preloading 0 native plugins for Editor in 0.00 ms.
Mono: successfully reloaded assembly
- Completed reload, in  0.785 seconds
Platform modules already initialized, skipping
Refreshing native plugins compatible for Editor in 0.59 ms, found 2 plugins.
Preloading 0 native plugins for Editor in 0.00 ms.
Unloading 2167 Unused Serialized files (Serialized files now loaded: 0)
System memory in use before: 165.6 MB.
System memory in use after: 165.7 MB.

Unloading 50 unused Assets to reduce memory usage. Loaded Objects now: 2673.
Total: 4.553000 ms (FindLiveObjects: 0.156600 ms CreateObjectMapping: 0.065500 ms MarkObjects: 4.309500 ms  DeleteObjects: 0.020700 ms)

AssetImportParameters requested are different than current active one (requested -> active):
  custom:framework-win-MediaFoundation: 216162199b28c13a410421893ffa2e32 -> 
  custom:video-decoder-ogg-theora: a1e56fd34408186e4bbccfd4996cb3dc -> 
  custom:container-muxer-webm: aa71ff27fc2769a1b78a27578f13a17b -> 
  custom:container-demuxer-webm: 4f35f7cbe854078d1ac9338744f61a02 -> 
  custom:container-demuxer-ogg: 62fdf1f143b41e24485cea50d1cbac27 -> 
  custom:video-encoder-webm-vp8: eb34c28f22e8b96e1ab97ce403110664 -> 
  custom:video-decoder-webm-vp8: 9c59270c3fd7afecdb556c50c9e8de78 -> 
  custom:audio-decoder-ogg-vorbis: bf7c407c2cedff20999df2af8eb42d56 -> 
  custom:audio-encoder-webm-vorbis: bf7c407c2cedff20999df2af8eb42d56 -> 
========================================================================
Received Import Request.
  Time since last request: 3646.411177 seconds.
  path: Assets/Animations/ShooterAninmator.controller
  artifactKey: Guid(dc7f0d1308d0bd1499a8fee0eea23f08) Importer(815301076,1909f56bfc062723c751e8b465ee728b)
Start importing Assets/Animations/ShooterAninmator.controller using Guid(dc7f0d1308d0bd1499a8fee0eea23f08) Importer(815301076,1909f56bfc062723c751e8b465ee728b)  -> (artifact id: '52208b8b7062bca4211d0a85f86b217c') in 0.099877 seconds 
  Import took 0.103176 seconds .

========================================================================
Received Prepare
Registering precompiled user dll's ...
Registered in 0.003490 seconds.
Begin MonoManager ReloadAssembly
Native extension for WindowsStandalone target not found
Native extension for WebGL target not found
Refreshing native plugins compatible for Editor in 0.59 ms, found 2 plugins.
Preloading 0 native plugins for Editor in 0.00 ms.
Mono: successfully reloaded assembly
- Completed reload, in  0.787 seconds
Platform modules already initialized, skipping
Refreshing native plugins compatible for Editor in 0.59 ms, found 2 plugins.
Preloading 0 native plugins for Editor in 0.00 ms.
Unloading 2167 Unused Serialized files (Serialized files now loaded: 0)
System memory in use before: 165.7 MB.
System memory in use after: 165.8 MB.

Unloading 50 unused Assets to reduce memory usage. Loaded Objects now: 2676.
Total: 4.749600 ms (FindLiveObjects: 0.158500 ms CreateObjectMapping: 0.064800 ms MarkObjects: 4.505800 ms  DeleteObjects: 0.019800 ms)

AssetImportParameters requested are different than current active one (requested -> active):
  custom:framework-win-MediaFoundation: 216162199b28c13a410421893ffa2e32 -> 
  custom:video-decoder-ogg-theora: a1e56fd34408186e4bbccfd4996cb3dc -> 
  custom:container-muxer-webm: aa71ff27fc2769a1b78a27578f13a17b -> 
  custom:container-demuxer-webm: 4f35f7cbe854078d1ac9338744f61a02 -> 
  custom:container-demuxer-ogg: 62fdf1f143b41e24485cea50d1cbac27 -> 
  custom:video-encoder-webm-vp8: eb34c28f22e8b96e1ab97ce403110664 -> 
  custom:video-decoder-webm-vp8: 9c59270c3fd7afecdb556c50c9e8de78 -> 
  custom:audio-decoder-ogg-vorbis: bf7c407c2cedff20999df2af8eb42d56 -> 
  custom:audio-encoder-webm-vorbis: bf7c407c2cedff20999df2af8eb42d56 -> 
========================================================================
Received Prepare
Registering precompiled user dll's ...
Registered in 0.003570 seconds.
Begin MonoManager ReloadAssembly
Native extension for WindowsStandalone target not found
Native extension for WebGL target not found
Refreshing native plugins compatible for Editor in 0.57 ms, found 2 plugins.
Preloading 0 native plugins for Editor in 0.00 ms.
Mono: successfully reloaded assembly
- Completed reload, in  0.769 seconds
Platform modules already initialized, skipping
Refreshing native plugins compatible for Editor in 0.58 ms, found 2 plugins.
Preloading 0 native plugins for Editor in 0.00 ms.
Unloading 2167 Unused Serialized files (Serialized files now loaded: 0)
System memory in use before: 165.7 MB.
System memory in use after: 165.8 MB.

Unloading 50 unused Assets to reduce memory usage. Loaded Objects now: 2679.
Total: 4.692100 ms (FindLiveObjects: 0.147500 ms CreateObjectMapping: 0.065200 ms MarkObjects: 4.459200 ms  DeleteObjects: 0.019500 ms)

AssetImportParameters requested are different than current active one (requested -> active):
  custom:framework-win-MediaFoundation: 216162199b28c13a410421893ffa2e32 -> 
  custom:video-decoder-ogg-theora: a1e56fd34408186e4bbccfd4996cb3dc -> 
  custom:container-muxer-webm: aa71ff27fc2769a1b78a27578f13a17b -> 
  custom:container-demuxer-webm: 4f35f7cbe854078d1ac9338744f61a02 -> 
  custom:container-demuxer-ogg: 62fdf1f143b41e24485cea50d1cbac27 -> 
  custom:video-encoder-webm-vp8: eb34c28f22e8b96e1ab97ce403110664 -> 
  custom:video-decoder-webm-vp8: 9c59270c3fd7afecdb556c50c9e8de78 -> 
  custom:audio-decoder-ogg-vorbis: bf7c407c2cedff20999df2af8eb42d56 -> 
  custom:audio-encoder-webm-vorbis: bf7c407c2cedff20999df2af8eb42d56 -> 
========================================================================
Received Import Request.
  Time since last request: 1260.469385 seconds.
  path: Assets/Animations/Upper Body Mask.mask
  artifactKey: Guid(a0bb31f6cca2c444dabf132a8b2b5f93) Importer(815301076,1909f56bfc062723c751e8b465ee728b)
Start importing Assets/Animations/Upper Body Mask.mask using Guid(a0bb31f6cca2c444dabf132a8b2b5f93) Importer(815301076,1909f56bfc062723c751e8b465ee728b)  -> (artifact id: 'ef111b1064340fbb56c24b46a4efd94c') in 0.011821 seconds 
  Import took 0.015082 seconds .

========================================================================
Received Import Request.
  Time since last request: 97.321235 seconds.
  path: Assets/Prefabs
  artifactKey: Guid(56f186d9e63ef4c12bdde22784fdc2fa) Importer(815301076,1909f56bfc062723c751e8b465ee728b)
Start importing Assets/Prefabs using Guid(56f186d9e63ef4c12bdde22784fdc2fa) Importer(815301076,1909f56bfc062723c751e8b465ee728b)  -> (artifact id: '698a73c7ca1ac4d3a7de1205a6595627') in 0.005404 seconds 
  Import took 0.008602 seconds .

========================================================================
Received Prepare
Registering precompiled user dll's ...
Registered in 0.003812 seconds.
Begin MonoManager ReloadAssembly
Native extension for WindowsStandalone target not found
Native extension for WebGL target not found
Refreshing native plugins compatible for Editor in 0.59 ms, found 2 plugins.
Preloading 0 native plugins for Editor in 0.00 ms.
Mono: successfully reloaded assembly
- Completed reload, in  0.798 seconds
Platform modules already initialized, skipping
Refreshing native plugins compatible for Editor in 0.61 ms, found 2 plugins.
Preloading 0 native plugins for Editor in 0.00 ms.
Unloading 2167 Unused Serialized files (Serialized files now loaded: 0)
System memory in use before: 165.8 MB.
System memory in use after: 165.9 MB.

Unloading 50 unused Assets to reduce memory usage. Loaded Objects now: 2682.
Total: 5.089800 ms (FindLiveObjects: 0.174500 ms CreateObjectMapping: 0.067600 ms MarkObjects: 4.823900 ms  DeleteObjects: 0.023100 ms)

AssetImportParameters requested are different than current active one (requested -> active):
  custom:framework-win-MediaFoundation: 216162199b28c13a410421893ffa2e32 -> 
  custom:video-decoder-ogg-theora: a1e56fd34408186e4bbccfd4996cb3dc -> 
  custom:container-muxer-webm: aa71ff27fc2769a1b78a27578f13a17b -> 
  custom:container-demuxer-webm: 4f35f7cbe854078d1ac9338744f61a02 -> 
  custom:container-demuxer-ogg: 62fdf1f143b41e24485cea50d1cbac27 -> 
  custom:video-encoder-webm-vp8: eb34c28f22e8b96e1ab97ce403110664 -> 
  custom:video-decoder-webm-vp8: 9c59270c3fd7afecdb556c50c9e8de78 -> 
  custom:audio-decoder-ogg-vorbis: bf7c407c2cedff20999df2af8eb42d56 -> 
  custom:audio-encoder-webm-vorbis: bf7c407c2cedff20999df2af8eb42d56 -> 
========================================================================
Received Prepare
Registering precompiled user dll's ...
Registered in 0.003576 seconds.
Begin MonoManager ReloadAssembly
Native extension for WindowsStandalone target not found
Native extension for WebGL target not found
Refreshing native plugins compatible for Editor in 0.57 ms, found 2 plugins.
Preloading 0 native plugins for Editor in 0.00 ms.
Mono: successfully reloaded assembly
- Completed reload, in  0.763 seconds
Platform modules already initialized, skipping
Refreshing native plugins compatible for Editor in 0.58 ms, found 2 plugins.
Preloading 0 native plugins for Editor in 0.00 ms.
Unloading 2167 Unused Serialized files (Serialized files now loaded: 0)
System memory in use before: 165.8 MB.
System memory in use after: 166.0 MB.

Unloading 50 unused Assets to reduce memory usage. Loaded Objects now: 2685.
Total: 4.459900 ms (FindLiveObjects: 0.164000 ms CreateObjectMapping: 0.066800 ms MarkObjects: 4.208500 ms  DeleteObjects: 0.019500 ms)

AssetImportParameters requested are different than current active one (requested -> active):
  custom:framework-win-MediaFoundation: 216162199b28c13a410421893ffa2e32 -> 
  custom:video-decoder-ogg-theora: a1e56fd34408186e4bbccfd4996cb3dc -> 
  custom:container-muxer-webm: aa71ff27fc2769a1b78a27578f13a17b -> 
  custom:container-demuxer-webm: 4f35f7cbe854078d1ac9338744f61a02 -> 
  custom:container-demuxer-ogg: 62fdf1f143b41e24485cea50d1cbac27 -> 
  custom:video-encoder-webm-vp8: eb34c28f22e8b96e1ab97ce403110664 -> 
  custom:video-decoder-webm-vp8: 9c59270c3fd7afecdb556c50c9e8de78 -> 
  custom:audio-decoder-ogg-vorbis: bf7c407c2cedff20999df2af8eb42d56 -> 
  custom:audio-encoder-webm-vorbis: bf7c407c2cedff20999df2af8eb42d56 -> 
========================================================================
Received Import Request.
  Time since last request: 1501.709490 seconds.
  path: Assets/Scripts/Gun.cs
  artifactKey: Guid(93c14943f73d87543b453f3a037d7029) Importer(815301076,1909f56bfc062723c751e8b465ee728b)
Start importing Assets/Scripts/Gun.cs using Guid(93c14943f73d87543b453f3a037d7029) Importer(815301076,1909f56bfc062723c751e8b465ee728b)  -> (artifact id: '493b9b69b087bd761a79b6f6160e0863') in 0.005825 seconds 
  Import took 0.009064 seconds .

========================================================================
Received Import Request.
  Time since last request: 12.664991 seconds.
  path: Assets/Scripts/HealthPack.cs
  artifactKey: Guid(56df96b0d8b224ce7a07291ff4720bfd) Importer(815301076,1909f56bfc062723c751e8b465ee728b)
Start importing Assets/Scripts/HealthPack.cs using Guid(56df96b0d8b224ce7a07291ff4720bfd) Importer(815301076,1909f56bfc062723c751e8b465ee728b)  -> (artifact id: 'c670018e44a8f53213ffa9d1b7f2138a') in 0.005012 seconds 
  Import took 0.007927 seconds .

========================================================================
Received Import Request.
  Time since last request: 20.073734 seconds.
  path: Assets/Scripts/IItem.cs
  artifactKey: Guid(8985cd341c19e43b1849e9644b9485df) Importer(815301076,1909f56bfc062723c751e8b465ee728b)
Start importing Assets/Scripts/IItem.cs using Guid(8985cd341c19e43b1849e9644b9485df) Importer(815301076,1909f56bfc062723c751e8b465ee728b)  -> (artifact id: '52785d6dca0f0ca3c6c6d23a4f6f0c33') in 0.005272 seconds 
  Import took 0.008035 seconds .

========================================================================
Received Import Request.
  Time since last request: 0.001125 seconds.
  path: Assets/Scripts/IItem.cs
  artifactKey: Guid(8985cd341c19e43b1849e9644b9485df) Importer(815301076,1909f56bfc062723c751e8b465ee728b)
Start importing Assets/Scripts/IItem.cs using Guid(8985cd341c19e43b1849e9644b9485df) Importer(815301076,1909f56bfc062723c751e8b465ee728b)  -> (artifact id: '52785d6dca0f0ca3c6c6d23a4f6f0c33') in 0.001863 seconds 
  Import took 0.004439 seconds .

========================================================================
Received Prepare
Registering precompiled user dll's ...
Registered in 0.003525 seconds.
Begin MonoManager ReloadAssembly
Native extension for WindowsStandalone target not found
Native extension for WebGL target not found
Refreshing native plugins compatible for Editor in 0.58 ms, found 2 plugins.
Preloading 0 native plugins for Editor in 0.00 ms.
Mono: successfully reloaded assembly
- Completed reload, in  0.793 seconds
Platform modules already initialized, skipping
Refreshing native plugins compatible for Editor in 0.59 ms, found 2 plugins.
Preloading 0 native plugins for Editor in 0.00 ms.
Unloading 2167 Unused Serialized files (Serialized files now loaded: 0)
System memory in use before: 165.7 MB.
System memory in use after: 166.0 MB.

Unloading 50 unused Assets to reduce memory usage. Loaded Objects now: 2688.
Total: 4.737100 ms (FindLiveObjects: 0.190000 ms CreateObjectMapping: 0.076100 ms MarkObjects: 4.449900 ms  DeleteObjects: 0.020300 ms)

AssetImportParameters requested are different than current active one (requested -> active):
  custom:framework-win-MediaFoundation: 216162199b28c13a410421893ffa2e32 -> 
  custom:video-decoder-ogg-theora: a1e56fd34408186e4bbccfd4996cb3dc -> 
  custom:container-muxer-webm: aa71ff27fc2769a1b78a27578f13a17b -> 
  custom:container-demuxer-webm: 4f35f7cbe854078d1ac9338744f61a02 -> 
  custom:container-demuxer-ogg: 62fdf1f143b41e24485cea50d1cbac27 -> 
  custom:video-encoder-webm-vp8: eb34c28f22e8b96e1ab97ce403110664 -> 
  custom:video-decoder-webm-vp8: 9c59270c3fd7afecdb556c50c9e8de78 -> 
  custom:audio-decoder-ogg-vorbis: bf7c407c2cedff20999df2af8eb42d56 -> 
  custom:audio-encoder-webm-vorbis: bf7c407c2cedff20999df2af8eb42d56 -> 
========================================================================
Received Prepare
Registering precompiled user dll's ...
Registered in 0.003664 seconds.
Begin MonoManager ReloadAssembly
Native extension for WindowsStandalone target not found
Native extension for WebGL target not found
Refreshing native plugins compatible for Editor in 0.57 ms, found 2 plugins.
Preloading 0 native plugins for Editor in 0.00 ms.
Mono: successfully reloaded assembly
- Completed reload, in  0.779 seconds
Platform modules already initialized, skipping
Refreshing native plugins compatible for Editor in 0.59 ms, found 2 plugins.
Preloading 0 native plugins for Editor in 0.00 ms.
Unloading 2167 Unused Serialized files (Serialized files now loaded: 0)
System memory in use before: 165.8 MB.
System memory in use after: 166.0 MB.

Unloading 50 unused Assets to reduce memory usage. Loaded Objects now: 2691.
Total: 4.598700 ms (FindLiveObjects: 0.185400 ms CreateObjectMapping: 0.074200 ms MarkObjects: 4.311500 ms  DeleteObjects: 0.026500 ms)

AssetImportParameters requested are different than current active one (requested -> active):
  custom:framework-win-MediaFoundation: 216162199b28c13a410421893ffa2e32 -> 
  custom:video-decoder-ogg-theora: a1e56fd34408186e4bbccfd4996cb3dc -> 
  custom:container-muxer-webm: aa71ff27fc2769a1b78a27578f13a17b -> 
  custom:container-demuxer-webm: 4f35f7cbe854078d1ac9338744f61a02 -> 
  custom:container-demuxer-ogg: 62fdf1f143b41e24485cea50d1cbac27 -> 
  custom:video-encoder-webm-vp8: eb34c28f22e8b96e1ab97ce403110664 -> 
  custom:video-decoder-webm-vp8: 9c59270c3fd7afecdb556c50c9e8de78 -> 
  custom:audio-decoder-ogg-vorbis: bf7c407c2cedff20999df2af8eb42d56 -> 
  custom:audio-encoder-webm-vorbis: bf7c407c2cedff20999df2af8eb42d56 -> 
========================================================================
Received Prepare
Registering precompiled user dll's ...
Registered in 0.003786 seconds.
Begin MonoManager ReloadAssembly
Native extension for WindowsStandalone target not found
Native extension for WebGL target not found
Refreshing native plugins compatible for Editor in 0.64 ms, found 2 plugins.
Preloading 0 native plugins for Editor in 0.00 ms.
Mono: successfully reloaded assembly
- Completed reload, in  0.794 seconds
Platform modules already initialized, skipping
Refreshing native plugins compatible for Editor in 0.59 ms, found 2 plugins.
Preloading 0 native plugins for Editor in 0.00 ms.
Unloading 2167 Unused Serialized files (Serialized files now loaded: 0)
System memory in use before: 165.8 MB.
System memory in use after: 166.0 MB.

Unloading 50 unused Assets to reduce memory usage. Loaded Objects now: 2694.
Total: 4.539400 ms (FindLiveObjects: 0.191000 ms CreateObjectMapping: 0.076500 ms MarkObjects: 4.244400 ms  DeleteObjects: 0.026500 ms)

AssetImportParameters requested are different than current active one (requested -> active):
  custom:framework-win-MediaFoundation: 216162199b28c13a410421893ffa2e32 -> 
  custom:video-decoder-ogg-theora: a1e56fd34408186e4bbccfd4996cb3dc -> 
  custom:container-muxer-webm: aa71ff27fc2769a1b78a27578f13a17b -> 
  custom:container-demuxer-webm: 4f35f7cbe854078d1ac9338744f61a02 -> 
  custom:container-demuxer-ogg: 62fdf1f143b41e24485cea50d1cbac27 -> 
  custom:video-encoder-webm-vp8: eb34c28f22e8b96e1ab97ce403110664 -> 
  custom:video-decoder-webm-vp8: 9c59270c3fd7afecdb556c50c9e8de78 -> 
  custom:audio-decoder-ogg-vorbis: bf7c407c2cedff20999df2af8eb42d56 -> 
  custom:audio-encoder-webm-vorbis: bf7c407c2cedff20999df2af8eb42d56 -> 
========================================================================
Received Import Request.
  Time since last request: 4039.378158 seconds.
  path: Assets/Animations/Zombie Animator.controller
  artifactKey: Guid(8eebe7519312a5c4eaeed6cd5ebb0411) Importer(815301076,1909f56bfc062723c751e8b465ee728b)
Start importing Assets/Animations/Zombie Animator.controller using Guid(8eebe7519312a5c4eaeed6cd5ebb0411) Importer(815301076,1909f56bfc062723c751e8b465ee728b)  -> (artifact id: '1094cb4abedba4a40aaffab121a868d2') in 0.091559 seconds 
  Import took 0.094530 seconds .

========================================================================
Received Import Request.
  Time since last request: 42.977869 seconds.
  path: Assets/Animations/Zombie Idle.anim
  artifactKey: Guid(9c9ac29e30e4d42c2993cc5472073146) Importer(815301076,1909f56bfc062723c751e8b465ee728b)
Start importing Assets/Animations/Zombie Idle.anim using Guid(9c9ac29e30e4d42c2993cc5472073146) Importer(815301076,1909f56bfc062723c751e8b465ee728b)  -> (artifact id: '0c5a1e85b1860218e758e9d1a1db726e') in 0.050154 seconds 
  Import took 0.053013 seconds .

========================================================================
Received Import Request.
  Time since last request: 2.048353 seconds.
  path: Assets/Animations/Zombie Run.anim
  artifactKey: Guid(6e30ce1e1db8ebb49b29ef0440c4bc5c) Importer(815301076,1909f56bfc062723c751e8b465ee728b)
Start importing Assets/Animations/Zombie Run.anim using Guid(6e30ce1e1db8ebb49b29ef0440c4bc5c) Importer(815301076,1909f56bfc062723c751e8b465ee728b)  -> (artifact id: '815bc72adf11ed807ce6617420543b42') in 0.014610 seconds 
  Import took 0.017520 seconds .

========================================================================
Received Import Request.
  Time since last request: 714.976120 seconds.
  path: Assets/Models/Zombie.fbx
  artifactKey: Guid(6bc76eedb6629574a83870562bc0c4ee) Importer(815301076,1909f56bfc062723c751e8b465ee728b)
Start importing Assets/Models/Zombie.fbx using Guid(6bc76eedb6629574a83870562bc0c4ee) Importer(815301076,1909f56bfc062723c751e8b465ee728b)  -> (artifact id: 'fd6d403ef0481f569ec94227a1d40295') in 0.054559 seconds 
  Import took 0.057668 seconds .

========================================================================
Received Import Request.
  Time since last request: 21.373476 seconds.
  path: Assets/Textures/ZombieSkin.png
  artifactKey: Guid(ef99e0ff31f774335a1a35c9038a915b) Importer(815301076,1909f56bfc062723c751e8b465ee728b)
Start importing Assets/Textures/ZombieSkin.png using Guid(ef99e0ff31f774335a1a35c9038a915b) Importer(815301076,1909f56bfc062723c751e8b465ee728b)  -> (artifact id: '27c61dbb002442ad2860346d553f0153') in 0.009863 seconds 
  Import took 0.012564 seconds .

========================================================================
Received Import Request.
  Time since last request: 0.019146 seconds.
  path: Assets/Textures/ZombieSkin.png
  artifactKey: Guid(ef99e0ff31f774335a1a35c9038a915b) Importer(815301076,1909f56bfc062723c751e8b465ee728b)
Start importing Assets/Textures/ZombieSkin.png using Guid(ef99e0ff31f774335a1a35c9038a915b) Importer(815301076,1909f56bfc062723c751e8b465ee728b)  -> (artifact id: '27c61dbb002442ad2860346d553f0153') in 0.003279 seconds 
  Import took 0.006035 seconds .

========================================================================
Received Import Request.
  Time since last request: 6.639952 seconds.
  path: Assets/Textures/WomanSkin.png
  artifactKey: Guid(4d46cb08a42e04c61898960ab0184dcd) Importer(815301076,1909f56bfc062723c751e8b465ee728b)
Start importing Assets/Textures/WomanSkin.png using Guid(4d46cb08a42e04c61898960ab0184dcd) Importer(815301076,1909f56bfc062723c751e8b465ee728b)  -> (artifact id: '842e7decba9988ecb36aed30d3ca4f83') in 0.014954 seconds 
  Import took 0.017871 seconds .

========================================================================
Received Prepare
Registering precompiled user dll's ...
Registered in 0.003442 seconds.
Begin MonoManager ReloadAssembly
Native extension for WindowsStandalone target not found
Native extension for WebGL target not found
Refreshing native plugins compatible for Editor in 0.57 ms, found 2 plugins.
Preloading 0 native plugins for Editor in 0.00 ms.
Mono: successfully reloaded assembly
- Completed reload, in  0.777 seconds
Platform modules already initialized, skipping
Refreshing native plugins compatible for Editor in 0.63 ms, found 2 plugins.
Preloading 0 native plugins for Editor in 0.00 ms.
Unloading 2167 Unused Serialized files (Serialized files now loaded: 0)
System memory in use before: 165.9 MB.
System memory in use after: 166.1 MB.

Unloading 50 unused Assets to reduce memory usage. Loaded Objects now: 2699.
Total: 4.768700 ms (FindLiveObjects: 0.173000 ms CreateObjectMapping: 0.072600 ms MarkObjects: 4.503100 ms  DeleteObjects: 0.019200 ms)

AssetImportParameters requested are different than current active one (requested -> active):
  custom:framework-win-MediaFoundation: 216162199b28c13a410421893ffa2e32 -> 
  custom:video-decoder-ogg-theora: a1e56fd34408186e4bbccfd4996cb3dc -> 
  custom:container-muxer-webm: aa71ff27fc2769a1b78a27578f13a17b -> 
  custom:container-demuxer-webm: 4f35f7cbe854078d1ac9338744f61a02 -> 
  custom:container-demuxer-ogg: 62fdf1f143b41e24485cea50d1cbac27 -> 
  custom:video-encoder-webm-vp8: eb34c28f22e8b96e1ab97ce403110664 -> 
  custom:video-decoder-webm-vp8: 9c59270c3fd7afecdb556c50c9e8de78 -> 
  custom:audio-decoder-ogg-vorbis: bf7c407c2cedff20999df2af8eb42d56 -> 
  custom:audio-encoder-webm-vorbis: bf7c407c2cedff20999df2af8eb42d56 -> 
========================================================================
Received Prepare
Registering precompiled user dll's ...
Registered in 0.003383 seconds.
Begin MonoManager ReloadAssembly
Native extension for WindowsStandalone target not found
Native extension for WebGL target not found
Refreshing native plugins compatible for Editor in 0.58 ms, found 2 plugins.
Preloading 0 native plugins for Editor in 0.00 ms.
Mono: successfully reloaded assembly
- Completed reload, in  0.757 seconds
Platform modules already initialized, skipping
Refreshing native plugins compatible for Editor in 0.58 ms, found 2 plugins.
Preloading 0 native plugins for Editor in 0.00 ms.
Unloading 2167 Unused Serialized files (Serialized files now loaded: 0)
System memory in use before: 165.9 MB.
System memory in use after: 166.1 MB.

Unloading 50 unused Assets to reduce memory usage. Loaded Objects now: 2702.
Total: 4.774100 ms (FindLiveObjects: 0.169800 ms CreateObjectMapping: 0.069300 ms MarkObjects: 4.514200 ms  DeleteObjects: 0.020200 ms)

AssetImportParameters requested are different than current active one (requested -> active):
  custom:framework-win-MediaFoundation: 216162199b28c13a410421893ffa2e32 -> 
  custom:video-decoder-ogg-theora: a1e56fd34408186e4bbccfd4996cb3dc -> 
  custom:container-muxer-webm: aa71ff27fc2769a1b78a27578f13a17b -> 
  custom:container-demuxer-webm: 4f35f7cbe854078d1ac9338744f61a02 -> 
  custom:container-demuxer-ogg: 62fdf1f143b41e24485cea50d1cbac27 -> 
  custom:video-encoder-webm-vp8: eb34c28f22e8b96e1ab97ce403110664 -> 
  custom:video-decoder-webm-vp8: 9c59270c3fd7afecdb556c50c9e8de78 -> 
  custom:audio-decoder-ogg-vorbis: bf7c407c2cedff20999df2af8eb42d56 -> 
  custom:audio-encoder-webm-vorbis: bf7c407c2cedff20999df2af8eb42d56 -> 
AssetImportWorkerClient::OnTransportError - code=2 error=End of file
