Using pre-set license
Built from '2020.3/staging' branch; Version is '2020.3.13f1 (71691879b7f5) revision 7432472'; Using compiler version '192528614'; Build Type 'Release'
OS: 'Windows 10 Home; OS build 19041.1083; Version 2004; 64bit' Language: 'ko' Physical Memory: 32701 MB
BatchMode: 1, IsHumanControllingUs: 0, StartBugReporterOnCrash: 0, Is64bit: 1, IsPro: 0

 COMMAND LINE ARGUMENTS:
C:\Program Files\Unity\Hub\Editor\2020.3.13f1\Editor\Unity.exe
-adb2
-batchMode
-noUpm
-name
AssetImportWorker0
-projectPath
C:/Users/User/Documents/GitHub/Unity_Retro/youtube_shader/Cloakingshader
-logFile
Logs/AssetImportWorker0.log
-srvPort
62332
Successfully changed project path to: C:/Users/User/Documents/GitHub/Unity_Retro/youtube_shader/Cloakingshader
C:/Users/User/Documents/GitHub/Unity_Retro/youtube_shader/Cloakingshader
Using Asset Import Pipeline V2.
Refreshing native plugins compatible for Editor in 21.53 ms, found 2 plugins.
Preloading 0 native plugins for Editor in 0.00 ms.
Initialize engine version: 2020.3.13f1 (71691879b7f5)
[Subsystems] Discovering subsystems at path C:/Program Files/Unity/Hub/Editor/2020.3.13f1/Editor/Data/Resources/UnitySubsystems
[Subsystems] Discovering subsystems at path C:/Users/User/Documents/GitHub/Unity_Retro/youtube_shader/Cloakingshader/Assets
GfxDevice: creating device client; threaded=0
Direct3D:
    Version:  Direct3D 11.0 [level 11.1]
    Renderer: NVIDIA GeForce RTX 2070 SUPER (ID=0x1e84)
    Vendor:   
    VRAM:     8011 MB
    Driver:   27.21.14.5671
Initialize mono
Mono path[0] = 'C:/Program Files/Unity/Hub/Editor/2020.3.13f1/Editor/Data/Managed'
Mono path[1] = 'C:/Program Files/Unity/Hub/Editor/2020.3.13f1/Editor/Data/MonoBleedingEdge/lib/mono/unityjit'
Mono config path = 'C:/Program Files/Unity/Hub/Editor/2020.3.13f1/Editor/Data/MonoBleedingEdge/etc'
Using monoOptions --debugger-agent=transport=dt_socket,embedding=1,server=y,suspend=n,address=127.0.0.1:56864
Begin MonoManager ReloadAssembly
Registering precompiled unity dll's ...
Register platform support module: C:/Program Files/Unity/Hub/Editor/2020.3.13f1/Editor/Data/PlaybackEngines/WebGLSupport/UnityEditor.WebGL.Extensions.dll
Register platform support module: C:/Program Files/Unity/Hub/Editor/2020.3.13f1/Editor/Data/PlaybackEngines/WindowsStandaloneSupport/UnityEditor.WindowsStandalone.Extensions.dll
Registered in 0.001715 seconds.
Native extension for WindowsStandalone target not found
Native extension for WebGL target not found
Refreshing native plugins compatible for Editor in 21.88 ms, found 2 plugins.
Preloading 0 native plugins for Editor in 0.00 ms.
Mono: successfully reloaded assembly
- Completed reload, in  0.882 seconds
Platform modules already initialized, skipping
Registering precompiled user dll's ...
Registered in 0.002659 seconds.
Begin MonoManager ReloadAssembly
Native extension for WindowsStandalone target not found
Native extension for WebGL target not found
Refreshing native plugins compatible for Editor in 0.25 ms, found 2 plugins.
Preloading 0 native plugins for Editor in 0.00 ms.
Mono: successfully reloaded assembly
- Completed reload, in  0.795 seconds
Platform modules already initialized, skipping
========================================================================
Worker process is ready to serve import requests
Launched and connected shader compiler UnityShaderCompiler.exe after 0.03 seconds
Refreshing native plugins compatible for Editor in 0.27 ms, found 2 plugins.
Preloading 0 native plugins for Editor in 0.00 ms.
Unloading 1390 Unused Serialized files (Serialized files now loaded: 0)
System memory in use before: 64.7 MB.
System memory in use after: 64.8 MB.

Unloading 19 unused Assets to reduce memory usage. Loaded Objects now: 1823.
Total: 1.534700 ms (FindLiveObjects: 0.108700 ms CreateObjectMapping: 0.030200 ms MarkObjects: 1.325400 ms  DeleteObjects: 0.069700 ms)

AssetImportParameters requested are different than current active one (requested -> active):
  custom:framework-win-MediaFoundation: 216162199b28c13a410421893ffa2e32 -> 
  custom:video-decoder-ogg-theora: a1e56fd34408186e4bbccfd4996cb3dc -> 
  custom:container-muxer-webm: aa71ff27fc2769a1b78a27578f13a17b -> 
  custom:container-demuxer-webm: 4f35f7cbe854078d1ac9338744f61a02 -> 
  custom:container-demuxer-ogg: 62fdf1f143b41e24485cea50d1cbac27 -> 
  custom:video-encoder-webm-vp8: eb34c28f22e8b96e1ab97ce403110664 -> 
  custom:video-decoder-webm-vp8: 9c59270c3fd7afecdb556c50c9e8de78 -> 
  custom:audio-decoder-ogg-vorbis: bf7c407c2cedff20999df2af8eb42d56 -> 
  custom:audio-encoder-webm-vorbis: bf7c407c2cedff20999df2af8eb42d56 -> 
========================================================================
Received Import Request.
  path: Assets/Robot Kyle
  artifactKey: Guid(2a8aad0af455db145aa5f25ac55b0c56) Importer(815301076,1909f56bfc062723c751e8b465ee728b)
Start importing Assets/Robot Kyle using Guid(2a8aad0af455db145aa5f25ac55b0c56) Importer(815301076,1909f56bfc062723c751e8b465ee728b)  -> (artifact id: 'f7816c93641d34ef6e55e2c9d734d5dd') in 0.006857 seconds 
  Import took 0.008544 seconds .

========================================================================
Received Import Request.
  Time since last request: 0.435363 seconds.
  path: Assets/Robot Kyle/Model
  artifactKey: Guid(5f43c13701431a3469bcc272fd401d01) Importer(815301076,1909f56bfc062723c751e8b465ee728b)
Start importing Assets/Robot Kyle/Model using Guid(5f43c13701431a3469bcc272fd401d01) Importer(815301076,1909f56bfc062723c751e8b465ee728b)  -> (artifact id: '0d8e470eacb00f7253929e60638ac56a') in 0.005608 seconds 
  Import took 0.007672 seconds .

========================================================================
Received Import Request.
  Time since last request: 4.114921 seconds.
  path: Assets
  artifactKey: Guid(00000000000000001000000000000000) Importer(815301076,1909f56bfc062723c751e8b465ee728b)
Start importing Assets using Guid(00000000000000001000000000000000) Importer(815301076,1909f56bfc062723c751e8b465ee728b)  -> (artifact id: '42d402b061de3733987d63b9cc3b64de') in 0.004942 seconds 
  Import took 0.006685 seconds .

========================================================================
Received Import Request.
  Time since last request: 21.239317 seconds.
  path: Assets/NewSurfaceShader.shader
  artifactKey: Guid(acc71c0c9360e7341b427f5321a90fef) Importer(815301076,1909f56bfc062723c751e8b465ee728b)
Start importing Assets/NewSurfaceShader.shader using Guid(acc71c0c9360e7341b427f5321a90fef) Importer(815301076,1909f56bfc062723c751e8b465ee728b)  -> (artifact id: 'b18634abcc99b091ff783018b6017a10') in 0.026020 seconds 
  Import took 0.028058 seconds .

========================================================================
Received Import Request.
  Time since last request: 0.007721 seconds.
  path: Assets/NewSurfaceShader.shader
  artifactKey: Guid(acc71c0c9360e7341b427f5321a90fef) Importer(815301076,1909f56bfc062723c751e8b465ee728b)
Start importing Assets/NewSurfaceShader.shader using Guid(acc71c0c9360e7341b427f5321a90fef) Importer(815301076,1909f56bfc062723c751e8b465ee728b)  -> (artifact id: 'b18634abcc99b091ff783018b6017a10') in 0.003076 seconds 
  Import took 0.005282 seconds .

========================================================================
Received Import Request.
  Time since last request: 6.579805 seconds.
  path: Assets/Cloaking.shader
  artifactKey: Guid(acc71c0c9360e7341b427f5321a90fef) Importer(815301076,1909f56bfc062723c751e8b465ee728b)
Start importing Assets/Cloaking.shader using Guid(acc71c0c9360e7341b427f5321a90fef) Importer(815301076,1909f56bfc062723c751e8b465ee728b)  -> (artifact id: '26b1e66fc135f02106f39c15c6030438') in 0.006164 seconds 
  Import took 0.008173 seconds .

========================================================================
Received Import Request.
  Time since last request: 883.810209 seconds.
  path: Assets/Cloaking.shader
  artifactKey: Guid(acc71c0c9360e7341b427f5321a90fef) Importer(815301076,1909f56bfc062723c751e8b465ee728b)
Start importing Assets/Cloaking.shader using Guid(acc71c0c9360e7341b427f5321a90fef) Importer(815301076,1909f56bfc062723c751e8b465ee728b)  -> (artifact id: 'a51055559e0024b863bcbcee01521bba') in 0.003181 seconds 
  Import took 0.005415 seconds .

========================================================================
Received Import Request.
  Time since last request: 1216.523243 seconds.
  path: Assets/Cloaking.shader
  artifactKey: Guid(acc71c0c9360e7341b427f5321a90fef) Importer(815301076,1909f56bfc062723c751e8b465ee728b)
Start importing Assets/Cloaking.shader using Guid(acc71c0c9360e7341b427f5321a90fef) Importer(815301076,1909f56bfc062723c751e8b465ee728b)  -> (artifact id: 'e5d54f0550218a3293a7e77b923c2992') in 0.002973 seconds 
  Import took 0.005196 seconds .

========================================================================
Received Import Request.
  Time since last request: 0.013977 seconds.
  path: Assets/Cloaking.shader
  artifactKey: Guid(acc71c0c9360e7341b427f5321a90fef) Importer(815301076,1909f56bfc062723c751e8b465ee728b)
Start importing Assets/Cloaking.shader using Guid(acc71c0c9360e7341b427f5321a90fef) Importer(815301076,1909f56bfc062723c751e8b465ee728b)  -> (artifact id: 'e5d54f0550218a3293a7e77b923c2992') in 0.002798 seconds 
  Import took 0.004690 seconds .

========================================================================
Received Import Request.
  Time since last request: 1277.601485 seconds.
  path: Assets/Cloaking.shader
  artifactKey: Guid(acc71c0c9360e7341b427f5321a90fef) Importer(815301076,1909f56bfc062723c751e8b465ee728b)
Start importing Assets/Cloaking.shader using Guid(acc71c0c9360e7341b427f5321a90fef) Importer(815301076,1909f56bfc062723c751e8b465ee728b)  -> (artifact id: '52b8f598a628d3d26aea27f9bc1ad42c') in 0.003049 seconds 
  Import took 0.005363 seconds .

========================================================================
Received Import Request.
  Time since last request: 0.014796 seconds.
  path: Assets/Cloaking.shader
  artifactKey: Guid(acc71c0c9360e7341b427f5321a90fef) Importer(815301076,1909f56bfc062723c751e8b465ee728b)
Start importing Assets/Cloaking.shader using Guid(acc71c0c9360e7341b427f5321a90fef) Importer(815301076,1909f56bfc062723c751e8b465ee728b)  -> (artifact id: '52b8f598a628d3d26aea27f9bc1ad42c') in 0.002758 seconds 
  Import took 0.004632 seconds .

========================================================================
Received Import Request.
  Time since last request: 18.286983 seconds.
  path: Assets/Cloaking.shader
  artifactKey: Guid(acc71c0c9360e7341b427f5321a90fef) Importer(815301076,1909f56bfc062723c751e8b465ee728b)
Start importing Assets/Cloaking.shader using Guid(acc71c0c9360e7341b427f5321a90fef) Importer(815301076,1909f56bfc062723c751e8b465ee728b)  -> (artifact id: '9b8881c03d655479fff1ad9269371f5e') in 0.002717 seconds 
  Import took 0.004772 seconds .

========================================================================
Received Import Request.
  Time since last request: 44.816783 seconds.
  path: Assets/Cloaking.shader
  artifactKey: Guid(acc71c0c9360e7341b427f5321a90fef) Importer(815301076,1909f56bfc062723c751e8b465ee728b)
Start importing Assets/Cloaking.shader using Guid(acc71c0c9360e7341b427f5321a90fef) Importer(815301076,1909f56bfc062723c751e8b465ee728b)  -> (artifact id: '6acd808bb168a30c1b12f3f6f3f10bc4') in 0.002618 seconds 
  Import took 0.004532 seconds .

========================================================================
Received Import Request.
  Time since last request: 15.126020 seconds.
  path: Assets/Cloaking.shader
  artifactKey: Guid(acc71c0c9360e7341b427f5321a90fef) Importer(815301076,1909f56bfc062723c751e8b465ee728b)
Start importing Assets/Cloaking.shader using Guid(acc71c0c9360e7341b427f5321a90fef) Importer(815301076,1909f56bfc062723c751e8b465ee728b)  -> (artifact id: 'fe90e705cc4c47c1fba5cb84e26ca531') in 0.002880 seconds 
  Import took 0.004829 seconds .

========================================================================
Received Import Request.
  Time since last request: 20.699883 seconds.
  path: Assets/Cloaking.shader
  artifactKey: Guid(acc71c0c9360e7341b427f5321a90fef) Importer(815301076,1909f56bfc062723c751e8b465ee728b)
Start importing Assets/Cloaking.shader using Guid(acc71c0c9360e7341b427f5321a90fef) Importer(815301076,1909f56bfc062723c751e8b465ee728b)  -> (artifact id: '75e9fae3b326215010b0b19a759a77c0') in 0.002954 seconds 
  Import took 0.004989 seconds .

========================================================================
Received Import Request.
  Time since last request: 10.712526 seconds.
  path: Assets/Robot Kyle/Textures/Robot_Color.tga
  artifactKey: Guid(0a0e8af2869fa45f78e25460db578482) Importer(815301076,1909f56bfc062723c751e8b465ee728b)
Start importing Assets/Robot Kyle/Textures/Robot_Color.tga using Guid(0a0e8af2869fa45f78e25460db578482) Importer(815301076,1909f56bfc062723c751e8b465ee728b)  -> (artifact id: 'f8fa81da48765e193a0ab3b254bb1e18') in 0.074605 seconds 
  Import took 0.076479 seconds .

========================================================================
Received Import Request.
  Time since last request: 0.000209 seconds.
  path: Assets/Robot Kyle/Textures/Robot_Normal.tga
  artifactKey: Guid(94c473c9137744d7eabd829f1150da8d) Importer(815301076,1909f56bfc062723c751e8b465ee728b)
Start importing Assets/Robot Kyle/Textures/Robot_Normal.tga using Guid(94c473c9137744d7eabd829f1150da8d) Importer(815301076,1909f56bfc062723c751e8b465ee728b)  -> (artifact id: '3225cc29343a87a4f3d1a5a1db16774a') in 0.031743 seconds 
  Import took 0.033554 seconds .

========================================================================
Received Import Request.
  Time since last request: 0.000190 seconds.
  path: Assets/Robot Kyle/Textures/Robot_Color.tga
  artifactKey: Guid(0a0e8af2869fa45f78e25460db578482) Importer(815301076,1909f56bfc062723c751e8b465ee728b)
Start importing Assets/Robot Kyle/Textures/Robot_Color.tga using Guid(0a0e8af2869fa45f78e25460db578482) Importer(815301076,1909f56bfc062723c751e8b465ee728b)  -> (artifact id: 'f8fa81da48765e193a0ab3b254bb1e18') in 0.010184 seconds 
  Import took 0.012016 seconds .

========================================================================
Received Import Request.
  Time since last request: 0.000171 seconds.
  path: Assets/Robot Kyle/Textures/Robot_Normal.tga
  artifactKey: Guid(94c473c9137744d7eabd829f1150da8d) Importer(815301076,1909f56bfc062723c751e8b465ee728b)
Start importing Assets/Robot Kyle/Textures/Robot_Normal.tga using Guid(94c473c9137744d7eabd829f1150da8d) Importer(815301076,1909f56bfc062723c751e8b465ee728b)  -> (artifact id: '3225cc29343a87a4f3d1a5a1db16774a') in 0.009850 seconds 
  Import took 0.011644 seconds .

========================================================================
Received Import Request.
  Time since last request: 193.282069 seconds.
  path: Assets/Cloaking.shader
  artifactKey: Guid(acc71c0c9360e7341b427f5321a90fef) Importer(815301076,1909f56bfc062723c751e8b465ee728b)
Start importing Assets/Cloaking.shader using Guid(acc71c0c9360e7341b427f5321a90fef) Importer(815301076,1909f56bfc062723c751e8b465ee728b)  -> (artifact id: 'e31fcbf1333b4731a5b13f95e2145725') in 0.003097 seconds 
  Import took 0.005144 seconds .

========================================================================
Received Import Request.
  Time since last request: 191.522549 seconds.
  path: Assets/Cloaking.shader
  artifactKey: Guid(acc71c0c9360e7341b427f5321a90fef) Importer(815301076,1909f56bfc062723c751e8b465ee728b)
Start importing Assets/Cloaking.shader using Guid(acc71c0c9360e7341b427f5321a90fef) Importer(815301076,1909f56bfc062723c751e8b465ee728b)  -> (artifact id: '80ba136261aaf57cd05a571c35f83722') in 0.003164 seconds 
  Import took 0.005751 seconds .

AssetImportWorkerClient::OnTransportError - code=2 error=End of file
